<?xml version="1.0" encoding="UTF-8"?>
<!-- Generated by org.testng.reporters.JUnitReportReporter -->
<testsuite skipped="0" hostname="LAPTOP-I9FI00TI" name="com.Weight.watchers.FoodAndServingsTest" tests="2" failures="0" timestamp="25 Feb 2018 23:39:52 GMT" time="0.290" errors="0">
  <testcase name="foodItems" time="0.091" classname="com.Weight.watchers.FoodAndServingsTest"/>
  <testcase name="foodServings" time="0.199" classname="com.Weight.watchers.FoodAndServingsTest"/>
</testsuite> <!-- com.Weight.watchers.FoodAndServingsTest -->
